obj\Debug\netstandard2.1\Project_Management_System.Client.dll
C:\Users\olowoyinka\.nuget\packages\microsoft.extensions.options\3.1.3\lib\netstandard2.0\Microsoft.Extensions.Options.dll
C:\Users\olowoyinka\.nuget\packages\microsoft.extensions.primitives\3.1.3\lib\netstandard2.0\Microsoft.Extensions.Primitives.dll
C:\Users\olowoyinka\.nuget\packages\microsoft.aspnetcore.components.webassembly.runtime\3.2.0-preview3.20168.1\build\netstandard1.0\..\..\tools\dotnetwasm\bcl\System.Runtime.CompilerServices.Unsafe.dll
C:\Users\olowoyinka\.nuget\packages\microsoft.aspnetcore.components.webassembly.runtime\3.2.0-preview3.20168.1\build\netstandard1.0\..\..\tools\dotnetwasm\bcl\mscorlib.dll
C:\Users\olowoyinka\.nuget\packages\microsoft.aspnetcore.components.webassembly.runtime\3.2.0-preview3.20168.1\build\netstandard1.0\..\..\tools\dotnetwasm\bcl\Facades\System.Memory.dll
C:\Users\olowoyinka\.nuget\packages\microsoft.aspnetcore.components.webassembly.runtime\3.2.0-preview3.20168.1\build\netstandard1.0\..\..\tools\dotnetwasm\bcl\Facades\netstandard.dll
C:\Users\olowoyinka\.nuget\packages\microsoft.aspnetcore.components.webassembly.runtime\3.2.0-preview3.20168.1\build\netstandard1.0\..\..\tools\dotnetwasm\bcl\System.Xml.Linq.dll
C:\Users\olowoyinka\.nuget\packages\microsoft.aspnetcore.components.webassembly.runtime\3.2.0-preview3.20168.1\build\netstandard1.0\..\..\tools\dotnetwasm\bcl\System.Core.dll
C:\Users\olowoyinka\.nuget\packages\microsoft.aspnetcore.components.webassembly.runtime\3.2.0-preview3.20168.1\build\netstandard1.0\..\..\tools\dotnetwasm\bcl\System.dll
C:\Users\olowoyinka\.nuget\packages\microsoft.aspnetcore.components.webassembly.runtime\3.2.0-preview3.20168.1\build\netstandard1.0\..\..\tools\dotnetwasm\framework\WebAssembly.Net.WebSockets.dll
C:\Users\olowoyinka\.nuget\packages\microsoft.aspnetcore.components.webassembly.runtime\3.2.0-preview3.20168.1\build\netstandard1.0\..\..\tools\dotnetwasm\framework\WebAssembly.Bindings.dll
C:\Users\olowoyinka\.nuget\packages\microsoft.aspnetcore.components.webassembly.runtime\3.2.0-preview3.20168.1\build\netstandard1.0\..\..\tools\dotnetwasm\bcl\System.Numerics.dll
C:\Users\olowoyinka\.nuget\packages\microsoft.aspnetcore.components.webassembly.runtime\3.2.0-preview3.20168.1\build\netstandard1.0\..\..\tools\dotnetwasm\bcl\System.Xml.dll
C:\Users\olowoyinka\.nuget\packages\microsoft.aspnetcore.components.webassembly.runtime\3.2.0-preview3.20168.1\build\netstandard1.0\..\..\tools\dotnetwasm\bcl\Mono.Security.dll
C:\Users\olowoyinka\.nuget\packages\microsoft.aspnetcore.components.webassembly.runtime\3.2.0-preview3.20168.1\build\netstandard1.0\..\..\tools\dotnetwasm\bcl\System.Transactions.dll
C:\Users\olowoyinka\.nuget\packages\microsoft.aspnetcore.components.webassembly.runtime\3.2.0-preview3.20168.1\build\netstandard1.0\..\..\tools\dotnetwasm\bcl\System.Runtime.Serialization.dll
C:\Users\olowoyinka\.nuget\packages\microsoft.aspnetcore.components.webassembly.runtime\3.2.0-preview3.20168.1\build\netstandard1.0\..\..\tools\dotnetwasm\bcl\System.ServiceModel.Internals.dll
C:\Users\olowoyinka\.nuget\packages\microsoft.aspnetcore.components.webassembly.runtime\3.2.0-preview3.20168.1\build\netstandard1.0\..\..\tools\dotnetwasm\bcl\System.Net.Http.dll
C:\Users\olowoyinka\.nuget\packages\microsoft.aspnetcore.components.webassembly.runtime\3.2.0-preview3.20168.1\build\netstandard1.0\..\..\tools\dotnetwasm\framework\WebAssembly.Net.Http.dll
C:\Users\olowoyinka\.nuget\packages\microsoft.aspnetcore.components.webassembly.runtime\3.2.0-preview3.20168.1\build\netstandard1.0\..\..\tools\dotnetwasm\bcl\System.ComponentModel.Composition.dll
C:\Users\olowoyinka\.nuget\packages\microsoft.aspnetcore.components.webassembly.runtime\3.2.0-preview3.20168.1\build\netstandard1.0\..\..\tools\dotnetwasm\bcl\System.IO.Compression.FileSystem.dll
C:\Users\olowoyinka\.nuget\packages\microsoft.aspnetcore.components.webassembly.runtime\3.2.0-preview3.20168.1\build\netstandard1.0\..\..\tools\dotnetwasm\bcl\System.IO.Compression.dll
C:\Users\olowoyinka\.nuget\packages\microsoft.aspnetcore.components.webassembly.runtime\3.2.0-preview3.20168.1\build\netstandard1.0\..\..\tools\dotnetwasm\bcl\Facades\System.Drawing.Common.dll
C:\Users\olowoyinka\.nuget\packages\microsoft.aspnetcore.components.webassembly.runtime\3.2.0-preview3.20168.1\build\netstandard1.0\..\..\tools\dotnetwasm\bcl\System.Data.DataSetExtensions.dll
C:\Users\olowoyinka\.nuget\packages\microsoft.aspnetcore.components.webassembly.runtime\3.2.0-preview3.20168.1\build\netstandard1.0\..\..\tools\dotnetwasm\bcl\System.Data.dll
C:\Users\olowoyinka\.nuget\packages\microsoft.extensions.dependencyinjection.abstractions\3.1.3\lib\netstandard2.0\Microsoft.Extensions.DependencyInjection.Abstractions.dll
C:\Users\olowoyinka\.nuget\packages\blazored.typeahead\4.3.0\lib\netstandard2.0\Blazored.Typeahead.dll
C:\Users\olowoyinka\.nuget\packages\microsoft.aspnetcore.components.webassembly.runtime\3.2.0-preview3.20168.1\build\netstandard1.0\..\..\tools\dotnetwasm\bcl\Facades\System.Threading.Tasks.Extensions.dll
C:\Users\olowoyinka\.nuget\packages\microsoft.aspnetcore.components.web\3.1.2\lib\netstandard2.0\Microsoft.AspNetCore.Components.Web.dll
C:\Users\olowoyinka\.nuget\packages\microsoft.aspnetcore.components.forms\3.1.2\lib\netstandard2.0\Microsoft.AspNetCore.Components.Forms.dll
C:\Users\olowoyinka\.nuget\packages\microsoft.aspnetcore.components.webassembly.runtime\3.2.0-preview3.20168.1\build\netstandard1.0\..\..\tools\dotnetwasm\bcl\Facades\System.ComponentModel.Annotations.dll
C:\Users\olowoyinka\.nuget\packages\microsoft.aspnetcore.components.webassembly.runtime\3.2.0-preview3.20168.1\build\netstandard1.0\..\..\tools\dotnetwasm\bcl\System.ComponentModel.DataAnnotations.dll
C:\Users\olowoyinka\.nuget\packages\microsoft.aspnetcore.components\3.1.2\lib\netstandard2.0\Microsoft.AspNetCore.Components.dll
C:\Users\olowoyinka\.nuget\packages\microsoft.aspnetcore.components.webassembly.runtime\3.2.0-preview3.20168.1\build\netstandard1.0\..\..\tools\dotnetwasm\bcl\Facades\System.Buffers.dll
C:\Users\olowoyinka\.nuget\packages\microsoft.extensions.logging.abstractions\3.1.3\lib\netstandard2.0\Microsoft.Extensions.Logging.Abstractions.dll
C:\Users\olowoyinka\.nuget\packages\microsoft.jsinterop\3.1.2\lib\netstandard2.0\Microsoft.JSInterop.dll
C:\Users\olowoyinka\.nuget\packages\system.text.encodings.web\4.7.0\lib\netstandard2.1\System.Text.Encodings.Web.dll
C:\Users\olowoyinka\.nuget\packages\system.text.json\4.7.1\lib\netstandard2.0\System.Text.Json.dll
C:\Users\olowoyinka\.nuget\packages\microsoft.bcl.asyncinterfaces\1.1.0\lib\netstandard2.1\Microsoft.Bcl.AsyncInterfaces.dll
C:\Users\olowoyinka\.nuget\packages\microsoft.aspnetcore.components.webassembly.runtime\3.2.0-preview3.20168.1\build\netstandard1.0\..\..\tools\dotnetwasm\bcl\System.Numerics.Vectors.dll
C:\Users\olowoyinka\source\repos\Project_Management_System\EndPoint\bin\Debug\netstandard2.1\EndPoint.dll
C:\Users\olowoyinka\.nuget\packages\mongodb.bson\2.9.3\lib\netstandard1.5\MongoDB.Bson.dll
C:\Users\olowoyinka\.nuget\packages\microsoft.aspnetcore.components.webassembly.runtime\3.2.0-preview3.20168.1\build\netstandard1.0\..\..\tools\dotnetwasm\bcl\Facades\System.Security.Cryptography.Primitives.dll
C:\Users\olowoyinka\.nuget\packages\microsoft.aspnetcore.components.webassembly.runtime\3.2.0-preview3.20168.1\build\netstandard1.0\..\..\tools\dotnetwasm\bcl\Facades\System.Security.Cryptography.Algorithms.dll
C:\Users\olowoyinka\.nuget\packages\microsoft.aspnetcore.components.webassembly.runtime\3.2.0-preview3.20168.1\build\netstandard1.0\..\..\tools\dotnetwasm\bcl\Facades\System.ObjectModel.dll
C:\Users\olowoyinka\.nuget\packages\microsoft.aspnetcore.components.webassembly.runtime\3.2.0-preview3.20168.1\build\netstandard1.0\..\..\tools\dotnetwasm\bcl\Facades\System.Reflection.Primitives.dll
C:\Users\olowoyinka\.nuget\packages\microsoft.aspnetcore.components.webassembly.runtime\3.2.0-preview3.20168.1\build\netstandard1.0\..\..\tools\dotnetwasm\bcl\Facades\System.Reflection.Emit.ILGeneration.dll
C:\Users\olowoyinka\.nuget\packages\microsoft.aspnetcore.components.webassembly.runtime\3.2.0-preview3.20168.1\build\netstandard1.0\..\..\tools\dotnetwasm\bcl\Facades\System.Reflection.Emit.Lightweight.dll
C:\Users\olowoyinka\.nuget\packages\microsoft.aspnetcore.components.webassembly.runtime\3.2.0-preview3.20168.1\build\netstandard1.0\..\..\tools\dotnetwasm\bcl\Facades\System.Reflection.Extensions.dll
C:\Users\olowoyinka\.nuget\packages\microsoft.aspnetcore.components.webassembly.runtime\3.2.0-preview3.20168.1\build\netstandard1.0\..\..\tools\dotnetwasm\bcl\Facades\System.Diagnostics.Process.dll
C:\Users\olowoyinka\.nuget\packages\microsoft.aspnetcore.components.webassembly.runtime\3.2.0-preview3.20168.1\build\netstandard1.0\..\..\tools\dotnetwasm\bcl\Facades\System.Runtime.Extensions.dll
C:\Users\olowoyinka\.nuget\packages\microsoft.aspnetcore.components.webassembly.runtime\3.2.0-preview3.20168.1\build\netstandard1.0\..\..\tools\dotnetwasm\bcl\Facades\System.Text.Encoding.dll
C:\Users\olowoyinka\.nuget\packages\microsoft.aspnetcore.components.webassembly.runtime\3.2.0-preview3.20168.1\build\netstandard1.0\..\..\tools\dotnetwasm\bcl\Facades\System.Threading.Tasks.dll
C:\Users\olowoyinka\.nuget\packages\microsoft.aspnetcore.components.webassembly.runtime\3.2.0-preview3.20168.1\build\netstandard1.0\..\..\tools\dotnetwasm\bcl\Facades\System.Text.Encoding.Extensions.dll
C:\Users\olowoyinka\.nuget\packages\microsoft.aspnetcore.components.webassembly.runtime\3.2.0-preview3.20168.1\build\netstandard1.0\..\..\tools\dotnetwasm\bcl\Facades\System.Linq.dll
C:\Users\olowoyinka\.nuget\packages\microsoft.aspnetcore.components.webassembly.runtime\3.2.0-preview3.20168.1\build\netstandard1.0\..\..\tools\dotnetwasm\bcl\Facades\System.Net.Primitives.dll
C:\Users\olowoyinka\.nuget\packages\microsoft.aspnetcore.components.webassembly.runtime\3.2.0-preview3.20168.1\build\netstandard1.0\..\..\tools\dotnetwasm\bcl\Facades\System.Dynamic.Runtime.dll
C:\Users\olowoyinka\.nuget\packages\microsoft.aspnetcore.components.webassembly.runtime\3.2.0-preview3.20168.1\build\netstandard1.0\..\..\tools\dotnetwasm\bcl\Facades\System.Globalization.dll
C:\Users\olowoyinka\.nuget\packages\microsoft.aspnetcore.components.webassembly.runtime\3.2.0-preview3.20168.1\build\netstandard1.0\..\..\tools\dotnetwasm\bcl\Facades\System.Collections.Concurrent.dll
C:\Users\olowoyinka\.nuget\packages\microsoft.aspnetcore.components.webassembly.runtime\3.2.0-preview3.20168.1\build\netstandard1.0\..\..\tools\dotnetwasm\bcl\Facades\System.Threading.dll
C:\Users\olowoyinka\.nuget\packages\microsoft.aspnetcore.components.webassembly.runtime\3.2.0-preview3.20168.1\build\netstandard1.0\..\..\tools\dotnetwasm\bcl\Facades\System.Linq.Expressions.dll
C:\Users\olowoyinka\.nuget\packages\microsoft.aspnetcore.components.webassembly.runtime\3.2.0-preview3.20168.1\build\netstandard1.0\..\..\tools\dotnetwasm\bcl\Facades\System.Reflection.dll
C:\Users\olowoyinka\.nuget\packages\microsoft.aspnetcore.components.webassembly.runtime\3.2.0-preview3.20168.1\build\netstandard1.0\..\..\tools\dotnetwasm\bcl\Facades\System.Text.RegularExpressions.dll
C:\Users\olowoyinka\.nuget\packages\microsoft.aspnetcore.components.webassembly.runtime\3.2.0-preview3.20168.1\build\netstandard1.0\..\..\tools\dotnetwasm\bcl\Facades\System.Collections.NonGeneric.dll
C:\Users\olowoyinka\.nuget\packages\microsoft.aspnetcore.components.webassembly.runtime\3.2.0-preview3.20168.1\build\netstandard1.0\..\..\tools\dotnetwasm\bcl\Facades\System.Collections.dll
C:\Users\olowoyinka\.nuget\packages\microsoft.aspnetcore.components.webassembly.runtime\3.2.0-preview3.20168.1\build\netstandard1.0\..\..\tools\dotnetwasm\bcl\Facades\System.IO.dll
C:\Users\olowoyinka\.nuget\packages\microsoft.aspnetcore.components.webassembly.runtime\3.2.0-preview3.20168.1\build\netstandard1.0\..\..\tools\dotnetwasm\bcl\Facades\System.Diagnostics.Debug.dll
C:\Users\olowoyinka\.nuget\packages\microsoft.aspnetcore.components.webassembly.runtime\3.2.0-preview3.20168.1\build\netstandard1.0\..\..\tools\dotnetwasm\bcl\Facades\System.Runtime.dll
C:\Users\olowoyinka\.nuget\packages\microsoft.aspnetcore.authorization\3.1.2\lib\netstandard2.0\Microsoft.AspNetCore.Authorization.dll
C:\Users\olowoyinka\.nuget\packages\microsoft.aspnetcore.metadata\3.1.2\lib\netstandard2.0\Microsoft.AspNetCore.Metadata.dll
C:\Users\olowoyinka\.nuget\packages\microsoft.aspnetcore.components.authorization\3.1.0\lib\netstandard2.0\Microsoft.AspNetCore.Components.Authorization.dll
C:\Users\olowoyinka\.nuget\packages\microsoft.aspnetcore.components.webassembly\3.2.0-preview3.20168.3\lib\netstandard2.1\Microsoft.AspNetCore.Components.WebAssembly.dll
C:\Users\olowoyinka\.nuget\packages\microsoft.extensions.dependencyinjection\3.1.3\lib\netstandard2.1\Microsoft.Extensions.DependencyInjection.dll
C:\Users\olowoyinka\.nuget\packages\microsoft.extensions.configuration\3.1.3\lib\netstandard2.0\Microsoft.Extensions.Configuration.dll
C:\Users\olowoyinka\.nuget\packages\microsoft.extensions.configuration.abstractions\3.1.3\lib\netstandard2.0\Microsoft.Extensions.Configuration.Abstractions.dll
C:\Users\olowoyinka\.nuget\packages\microsoft.extensions.configuration.json\3.1.2\lib\netstandard2.0\Microsoft.Extensions.Configuration.Json.dll
C:\Users\olowoyinka\.nuget\packages\microsoft.extensions.configuration.fileextensions\3.1.2\lib\netstandard2.0\Microsoft.Extensions.Configuration.FileExtensions.dll
C:\Users\olowoyinka\.nuget\packages\microsoft.extensions.fileproviders.physical\3.1.2\lib\netstandard2.0\Microsoft.Extensions.FileProviders.Physical.dll
C:\Users\olowoyinka\.nuget\packages\microsoft.extensions.filesystemglobbing\3.1.2\lib\netstandard2.0\Microsoft.Extensions.FileSystemGlobbing.dll
C:\Users\olowoyinka\.nuget\packages\microsoft.extensions.fileproviders.abstractions\3.1.2\lib\netstandard2.0\Microsoft.Extensions.FileProviders.Abstractions.dll
C:\Users\olowoyinka\.nuget\packages\microsoft.jsinterop.webassembly\3.2.0-preview3.20168.3\lib\netstandard2.1\Microsoft.JSInterop.WebAssembly.dll
obj\Debug\netstandard2.1\Project_Management_System.Client.pdb
C:\Users\olowoyinka\source\repos\Project_Management_System\EndPoint\bin\Debug\netstandard2.1\EndPoint.pdb
